Determining if the pthread_create exist failed with the following output:
Change Dir: /home/jgm139/catkin_ws/build/CMakeFiles/CMakeTmp

Run Build Command:"/usr/bin/make" "cmTC_2a3cc/fast"
/usr/bin/make -f CMakeFiles/cmTC_2a3cc.dir/build.make CMakeFiles/cmTC_2a3cc.dir/build
make[1]: se entra en el directorio '/home/jgm139/catkin_ws/build/CMakeFiles/CMakeTmp'
Building C object CMakeFiles/cmTC_2a3cc.dir/CheckSymbolExists.c.o
/usr/bin/cc     -o CMakeFiles/cmTC_2a3cc.dir/CheckSymbolExists.c.o   -c /home/jgm139/catkin_ws/build/CMakeFiles/CMakeTmp/CheckSymbolExists.c
Linking C executable cmTC_2a3cc
/usr/bin/cmake -E cmake_link_script CMakeFiles/cmTC_2a3cc.dir/link.txt --verbose=1
/usr/bin/cc       CMakeFiles/cmTC_2a3cc.dir/CheckSymbolExists.c.o  -o cmTC_2a3cc -rdynamic 
CMakeFiles/cmTC_2a3cc.dir/CheckSymbolExists.c.o: En la función `main':
CheckSymbolExists.c:(.text+0x16): referencia a `pthread_create' sin definir
collect2: error: ld returned 1 exit status
CMakeFiles/cmTC_2a3cc.dir/build.make:97: fallo en las instrucciones para el objetivo 'cmTC_2a3cc'
make[1]: *** [cmTC_2a3cc] Error 1
make[1]: se sale del directorio '/home/jgm139/catkin_ws/build/CMakeFiles/CMakeTmp'
Makefile:126: fallo en las instrucciones para el objetivo 'cmTC_2a3cc/fast'
make: *** [cmTC_2a3cc/fast] Error 2

File /home/jgm139/catkin_ws/build/CMakeFiles/CMakeTmp/CheckSymbolExists.c:
/* */
#include <pthread.h>

int main(int argc, char** argv)
{
  (void)argv;
#ifndef pthread_create
  return ((int*)(&pthread_create))[argc];
#else
  (void)argc;
  return 0;
#endif
}

Determining if the function pthread_create exists in the pthreads failed with the following output:
Change Dir: /home/jgm139/catkin_ws/build/CMakeFiles/CMakeTmp

Run Build Command:"/usr/bin/make" "cmTC_40bab/fast"
/usr/bin/make -f CMakeFiles/cmTC_40bab.dir/build.make CMakeFiles/cmTC_40bab.dir/build
make[1]: se entra en el directorio '/home/jgm139/catkin_ws/build/CMakeFiles/CMakeTmp'
Building C object CMakeFiles/cmTC_40bab.dir/CheckFunctionExists.c.o
/usr/bin/cc    -DCHECK_FUNCTION_EXISTS=pthread_create   -o CMakeFiles/cmTC_40bab.dir/CheckFunctionExists.c.o   -c /usr/share/cmake-3.5/Modules/CheckFunctionExists.c
Linking C executable cmTC_40bab
/usr/bin/cmake -E cmake_link_script CMakeFiles/cmTC_40bab.dir/link.txt --verbose=1
/usr/bin/cc   -DCHECK_FUNCTION_EXISTS=pthread_create    CMakeFiles/cmTC_40bab.dir/CheckFunctionExists.c.o  -o cmTC_40bab -rdynamic -lpthreads 
/usr/bin/ld: no se puede encontrar -lpthreads
collect2: error: ld returned 1 exit status
CMakeFiles/cmTC_40bab.dir/build.make:97: fallo en las instrucciones para el objetivo 'cmTC_40bab'
make[1]: *** [cmTC_40bab] Error 1
make[1]: se sale del directorio '/home/jgm139/catkin_ws/build/CMakeFiles/CMakeTmp'
Makefile:126: fallo en las instrucciones para el objetivo 'cmTC_40bab/fast'
make: *** [cmTC_40bab/fast] Error 2


